Build started 30.11.2014 12:24:08.
     1>Project "H:\Курсові\Polyschyk_Kursova\Polyschyk_Kursova\Polyschyk_Kursova.vcxproj" on node 2 (Rebuild target(s)).
     1>ClCompile:
         D:\VS 2012\VC\bin\CL.exe /c /AI"C:\Program Files\Reference Assemblies\Microsoft\Framework\.NETFramework\v4.5\\" /AI"C:\Program Files\Windows Kits\8.0\References\CommonConfiguration\Neutral" /AI"C:\Program Files\Reference Assemblies\Microsoft\Framework\.NETFramework\v4.5\Facades\\" /Zi /clr:pure /nologo /W3 /WX- /Od /Oy- /D WIN32 /D _DEBUG /D _UNICODE /D UNICODE /EHa /MDd /GS /fp:precise /Zc:wchar_t /Zc:forScope /Yc"stdafx.h" /Fp"Debug\Polyschyk_Kursova.pch" /Fo"Debug\\" /Fd"Debug\vc110.pdb" /TP /FU"C:\Program Files\Reference Assemblies\Microsoft\Framework\.NETFramework\v4.5\mscorlib.dll" /FU"C:\Program Files\Reference Assemblies\Microsoft\Framework\.NETFramework\v4.5\System.Data.dll" /FU"C:\Program Files\Reference Assemblies\Microsoft\Framework\.NETFramework\v4.5\System.dll" /FU"C:\Program Files\Reference Assemblies\Microsoft\Framework\.NETFramework\v4.5\System.Drawing.dll" /FU"C:\Program Files\Reference Assemblies\Microsoft\Framework\.NETFramework\v4.5\System.Windows.Forms.dll" /FU"C:\Program Files\Reference Assemblies\Microsoft\Framework\.NETFramework\v4.5\System.Xml.dll" /analyze- /errorReport:prompt /clr:nostdlib stdafx.cpp
         stdafx.cpp
         D:\VS 2012\VC\bin\CL.exe /c /AI"C:\Program Files\Reference Assemblies\Microsoft\Framework\.NETFramework\v4.5\\" /AI"C:\Program Files\Windows Kits\8.0\References\CommonConfiguration\Neutral" /AI"C:\Program Files\Reference Assemblies\Microsoft\Framework\.NETFramework\v4.5\Facades\\" /Zi /clr:pure /nologo /W3 /WX- /Od /Oy- /D WIN32 /D _DEBUG /D _UNICODE /D UNICODE /EHa /MDd /GS /fp:precise /Zc:wchar_t /Zc:forScope /Yu"stdafx.h" /Fp"Debug\Polyschyk_Kursova.pch" /Fo"Debug\\" /Fd"Debug\vc110.pdb" /TP /FU"C:\Program Files\Reference Assemblies\Microsoft\Framework\.NETFramework\v4.5\mscorlib.dll" /FU"C:\Program Files\Reference Assemblies\Microsoft\Framework\.NETFramework\v4.5\System.Data.dll" /FU"C:\Program Files\Reference Assemblies\Microsoft\Framework\.NETFramework\v4.5\System.dll" /FU"C:\Program Files\Reference Assemblies\Microsoft\Framework\.NETFramework\v4.5\System.Drawing.dll" /FU"C:\Program Files\Reference Assemblies\Microsoft\Framework\.NETFramework\v4.5\System.Windows.Forms.dll" /FU"C:\Program Files\Reference Assemblies\Microsoft\Framework\.NETFramework\v4.5\System.Xml.dll" /analyze- /errorReport:prompt /clr:nostdlib AssemblyInfo.cpp Controller.cpp Polyschyk_Kursova.cpp Triangle.cpp
         AssemblyInfo.cpp
         Controller.cpp
     1>Controller.cpp(195): warning C4244: 'initializing' : conversion from 'double' to 'int', possible loss of data
         Polyschyk_Kursova.cpp
         Triangle.cpp
     1>Triangle.cpp(68): warning C4244: '=' : conversion from 'double' to 'float', possible loss of data
     1>Triangle.cpp(86): warning C4244: 'argument' : conversion from 'float' to 'int', possible loss of data
     1>Triangle.cpp(100): warning C4244: 'initializing' : conversion from 'int' to 'float', possible loss of data
     1>Triangle.cpp(101): warning C4244: 'initializing' : conversion from 'int' to 'float', possible loss of data
     1>Triangle.cpp(103): warning C4244: 'return' : conversion from 'double' to 'float', possible loss of data
         Generating Code...
         D:\VS 2012\VC\bin\CL.exe /c /Zi /clr:pure /nologo /W3 /WX- /Od /Oy- /D WIN32 /D _DEBUG /D _UNICODE /D UNICODE /EHa /MDd /GS /fp:precise /Zc:wchar_t /Zc:forScope /Fo"Debug\\" /Fd"Debug\vc110.pdb" /TP /analyze- /errorReport:prompt "C:\Users\Mordochka\AppData\Local\Temp\.NETFramework,Version=v4.5.AssemblyAttributes.cpp"
         .NETFramework,Version=v4.5.AssemblyAttributes.cpp
       ResourceCompile:
         C:\Program Files\Windows Kits\8.0\bin\x86\rc.exe /D _UNICODE /D UNICODE /l"0x0409" /nologo /fo"Debug\app.res" app.rc 
       Link:
         D:\VS 2012\VC\bin\link.exe /ERRORREPORT:PROMPT /OUT:"H:\Курсові\Polyschyk_Kursova\Debug\Polyschyk_Kursova.exe" /INCREMENTAL /NOLOGO /ASSEMBLYRESOURCE:Debug\Polyschyk_Kursova.Form1.resources /MANIFEST /MANIFESTUAC:"level='asInvoker' uiAccess='false'" /manifest:embed /DEBUG /PDB:"H:\Курсові\Polyschyk_Kursova\Debug\Polyschyk_Kursova.pdb" /ASSEMBLYDEBUG /SUBSYSTEM:WINDOWS /TLBID:1 /ENTRY:"main" /DYNAMICBASE /FIXED:NO /NXCOMPAT /MACHINE:X86 Debug\app.res
         Debug\AssemblyInfo.obj
         Debug\Controller.obj
         Debug\Polyschyk_Kursova.obj
         Debug\stdafx.obj
         Debug\Triangle.obj
         "Debug\.NETFramework,Version=v4.5.AssemblyAttributes.obj"
         Polyschyk_Kursova.vcxproj -> H:\Курсові\Polyschyk_Kursova\Debug\Polyschyk_Kursova.exe
     1>Done Building Project "H:\Курсові\Polyschyk_Kursova\Polyschyk_Kursova\Polyschyk_Kursova.vcxproj" (Rebuild target(s)).

Build succeeded.

Time Elapsed 00:00:05.86
