H:\Курсові\POLYSCHYK_KURSOVA\POLYSCHYK_KURSOVA\DEBUG\.NETFRAMEWORK,VERSION=V4.5.ASSEMBLYATTRIBUTES.OBJ
H:\КУРСОВІ\POLYSCHYK_KURSOVA\POLYSCHYK_KURSOVA\DEBUG\VC110.PDB
H:\Курсові\POLYSCHYK_KURSOVA\POLYSCHYK_KURSOVA\DEBUG\POLYSCHYK_KURSOVA.PCH
H:\Курсові\POLYSCHYK_KURSOVA\POLYSCHYK_KURSOVA\DEBUG\STDAFX.OBJ
H:\Курсові\POLYSCHYK_KURSOVA\POLYSCHYK_KURSOVA\DEBUG\TRIANGLE.OBJ
H:\Курсові\POLYSCHYK_KURSOVA\POLYSCHYK_KURSOVA\DEBUG\POLYSCHYK_KURSOVA.OBJ
H:\Курсові\POLYSCHYK_KURSOVA\POLYSCHYK_KURSOVA\DEBUG\CONTROLLER.OBJ
H:\Курсові\POLYSCHYK_KURSOVA\POLYSCHYK_KURSOVA\DEBUG\ASSEMBLYINFO.OBJ
H:\Курсові\POLYSCHYK_KURSOVA\DEBUG\POLYSCHYK_KURSOVA.ILK
H:\Курсові\POLYSCHYK_KURSOVA\DEBUG\POLYSCHYK_KURSOVA.EXE
H:\КУРСОВІ\POLYSCHYK_KURSOVA\DEBUG\POLYSCHYK_KURSOVA.PDB
H:\Курсові\Polyschyk_Kursova\Polyschyk_Kursova\Debug\Polyschyk_Kursova.Form1.resources
H:\Курсові\POLYSCHYK_KURSOVA\POLYSCHYK_KURSOVA\DEBUG\APP.RES
H:\Курсові\Polyschyk_Kursova\Polyschyk_Kursova\Debug\Polyschyk_Kursova.vcxproj.GenerateResource.Cache
H:\Курсові\Polyschyk_Kursova\Polyschyk_Kursova\Debug\Polyschyk_Kursova.vcxprojResolveAssemblyReference.cache
H:\Курсові\Polyschyk_Kursova\Polyschyk_Kursova\Debug\.NETFramework,Version=v4.5.AssemblyAttributes.obj
H:\Курсові\Polyschyk_Kursova\Polyschyk_Kursova\Debug\AssemblyInfo.obj
H:\Курсові\Polyschyk_Kursova\Polyschyk_Kursova\Debug\Controller.obj
H:\Курсові\Polyschyk_Kursova\Polyschyk_Kursova\Debug\Polyschyk_Kursova.obj
H:\Курсові\Polyschyk_Kursova\Polyschyk_Kursova\Debug\stdafx.obj
H:\Курсові\Polyschyk_Kursova\Polyschyk_Kursova\Debug\Triangle.obj
H:\Курсові\Polyschyk_Kursova\Polyschyk_Kursova\Debug\cl.command.1.tlog
H:\Курсові\Polyschyk_Kursova\Polyschyk_Kursova\Debug\CL.read.1.tlog
H:\Курсові\Polyschyk_Kursova\Polyschyk_Kursova\Debug\CL.write.1.tlog
H:\Курсові\Polyschyk_Kursova\Polyschyk_Kursova\Debug\link.2972-cvtres.read.1.tlog
H:\Курсові\Polyschyk_Kursova\Polyschyk_Kursova\Debug\link.2972-cvtres.write.1.tlog
H:\Курсові\Polyschyk_Kursova\Polyschyk_Kursova\Debug\link.2972-rc.read.1.tlog
H:\Курсові\Polyschyk_Kursova\Polyschyk_Kursova\Debug\link.2972-rc.write.1.tlog
H:\Курсові\Polyschyk_Kursova\Polyschyk_Kursova\Debug\link.2972.read.1.tlog
H:\Курсові\Polyschyk_Kursova\Polyschyk_Kursova\Debug\link.2972.write.1.tlog
H:\Курсові\Polyschyk_Kursova\Polyschyk_Kursova\Debug\link.4100-cvtres.read.1.tlog
H:\Курсові\Polyschyk_Kursova\Polyschyk_Kursova\Debug\link.4100-cvtres.write.1.tlog
H:\Курсові\Polyschyk_Kursova\Polyschyk_Kursova\Debug\link.4100-rc.read.1.tlog
H:\Курсові\Polyschyk_Kursova\Polyschyk_Kursova\Debug\link.4100-rc.write.1.tlog
H:\Курсові\Polyschyk_Kursova\Polyschyk_Kursova\Debug\link.4100.read.1.tlog
H:\Курсові\Polyschyk_Kursova\Polyschyk_Kursova\Debug\link.4100.write.1.tlog
H:\Курсові\Polyschyk_Kursova\Polyschyk_Kursova\Debug\link.5024-cvtres.read.1.tlog
H:\Курсові\Polyschyk_Kursova\Polyschyk_Kursova\Debug\link.5024-cvtres.write.1.tlog
H:\Курсові\Polyschyk_Kursova\Polyschyk_Kursova\Debug\link.5024-rc.read.1.tlog
H:\Курсові\Polyschyk_Kursova\Polyschyk_Kursova\Debug\link.5024-rc.write.1.tlog
H:\Курсові\Polyschyk_Kursova\Polyschyk_Kursova\Debug\link.5024.read.1.tlog
H:\Курсові\Polyschyk_Kursova\Polyschyk_Kursova\Debug\link.5024.write.1.tlog
H:\Курсові\Polyschyk_Kursova\Polyschyk_Kursova\Debug\link.5056-cvtres.read.1.tlog
H:\Курсові\Polyschyk_Kursova\Polyschyk_Kursova\Debug\link.5056-cvtres.write.1.tlog
H:\Курсові\Polyschyk_Kursova\Polyschyk_Kursova\Debug\link.5056-rc.read.1.tlog
H:\Курсові\Polyschyk_Kursova\Polyschyk_Kursova\Debug\link.5056-rc.write.1.tlog
H:\Курсові\Polyschyk_Kursova\Polyschyk_Kursova\Debug\link.5056.read.1.tlog
H:\Курсові\Polyschyk_Kursova\Polyschyk_Kursova\Debug\link.5056.write.1.tlog
H:\Курсові\Polyschyk_Kursova\Polyschyk_Kursova\Debug\link.5060-cvtres.read.1.tlog
H:\Курсові\Polyschyk_Kursova\Polyschyk_Kursova\Debug\link.5060-cvtres.write.1.tlog
H:\Курсові\Polyschyk_Kursova\Polyschyk_Kursova\Debug\link.5060-rc.read.1.tlog
H:\Курсові\Polyschyk_Kursova\Polyschyk_Kursova\Debug\link.5060-rc.write.1.tlog
H:\Курсові\Polyschyk_Kursova\Polyschyk_Kursova\Debug\link.5060.read.1.tlog
H:\Курсові\Polyschyk_Kursova\Polyschyk_Kursova\Debug\link.5060.write.1.tlog
H:\Курсові\Polyschyk_Kursova\Polyschyk_Kursova\Debug\link.5064-cvtres.read.1.tlog
H:\Курсові\Polyschyk_Kursova\Polyschyk_Kursova\Debug\link.5064-cvtres.write.1.tlog
H:\Курсові\Polyschyk_Kursova\Polyschyk_Kursova\Debug\link.5064-rc.read.1.tlog
H:\Курсові\Polyschyk_Kursova\Polyschyk_Kursova\Debug\link.5064-rc.write.1.tlog
H:\Курсові\Polyschyk_Kursova\Polyschyk_Kursova\Debug\link.5064.read.1.tlog
H:\Курсові\Polyschyk_Kursova\Polyschyk_Kursova\Debug\link.5064.write.1.tlog
H:\Курсові\Polyschyk_Kursova\Polyschyk_Kursova\Debug\link.5080-cvtres.read.1.tlog
H:\Курсові\Polyschyk_Kursova\Polyschyk_Kursova\Debug\link.5080-cvtres.write.1.tlog
H:\Курсові\Polyschyk_Kursova\Polyschyk_Kursova\Debug\link.5080-rc.read.1.tlog
H:\Курсові\Polyschyk_Kursova\Polyschyk_Kursova\Debug\link.5080-rc.write.1.tlog
H:\Курсові\Polyschyk_Kursova\Polyschyk_Kursova\Debug\link.5080.read.1.tlog
H:\Курсові\Polyschyk_Kursova\Polyschyk_Kursova\Debug\link.5080.write.1.tlog
H:\Курсові\Polyschyk_Kursova\Polyschyk_Kursova\Debug\link.5124-cvtres.read.1.tlog
H:\Курсові\Polyschyk_Kursova\Polyschyk_Kursova\Debug\link.5124-cvtres.write.1.tlog
H:\Курсові\Polyschyk_Kursova\Polyschyk_Kursova\Debug\link.5124-rc.read.1.tlog
H:\Курсові\Polyschyk_Kursova\Polyschyk_Kursova\Debug\link.5124-rc.write.1.tlog
H:\Курсові\Polyschyk_Kursova\Polyschyk_Kursova\Debug\link.5124.read.1.tlog
H:\Курсові\Polyschyk_Kursova\Polyschyk_Kursova\Debug\link.5124.write.1.tlog
H:\Курсові\Polyschyk_Kursova\Polyschyk_Kursova\Debug\link.5900-cvtres.read.1.tlog
H:\Курсові\Polyschyk_Kursova\Polyschyk_Kursova\Debug\link.5900-cvtres.write.1.tlog
H:\Курсові\Polyschyk_Kursova\Polyschyk_Kursova\Debug\link.5900-rc.read.1.tlog
H:\Курсові\Polyschyk_Kursova\Polyschyk_Kursova\Debug\link.5900-rc.write.1.tlog
H:\Курсові\Polyschyk_Kursova\Polyschyk_Kursova\Debug\link.5900.read.1.tlog
H:\Курсові\Polyschyk_Kursova\Polyschyk_Kursova\Debug\link.5900.write.1.tlog
H:\Курсові\Polyschyk_Kursova\Polyschyk_Kursova\Debug\link.6016-cvtres.read.1.tlog
H:\Курсові\Polyschyk_Kursova\Polyschyk_Kursova\Debug\link.6016-cvtres.write.1.tlog
H:\Курсові\Polyschyk_Kursova\Polyschyk_Kursova\Debug\link.6016-rc.read.1.tlog
H:\Курсові\Polyschyk_Kursova\Polyschyk_Kursova\Debug\link.6016-rc.write.1.tlog
H:\Курсові\Polyschyk_Kursova\Polyschyk_Kursova\Debug\link.6016.read.1.tlog
H:\Курсові\Polyschyk_Kursova\Polyschyk_Kursova\Debug\link.6016.write.1.tlog
H:\Курсові\Polyschyk_Kursova\Polyschyk_Kursova\Debug\link.command.1.tlog
H:\Курсові\Polyschyk_Kursova\Polyschyk_Kursova\Debug\link.read.1.tlog
H:\Курсові\Polyschyk_Kursova\Polyschyk_Kursova\Debug\link.write.1.tlog
H:\Курсові\Polyschyk_Kursova\Polyschyk_Kursova\Debug\metagen.read.1.tlog
H:\Курсові\Polyschyk_Kursova\Polyschyk_Kursova\Debug\metagen.write.1.tlog
H:\Курсові\Polyschyk_Kursova\Polyschyk_Kursova\Debug\Polyschyk_Kursova.write.1.tlog
H:\Курсові\Polyschyk_Kursova\Polyschyk_Kursova\Debug\rc.command.1.tlog
H:\Курсові\Polyschyk_Kursova\Polyschyk_Kursova\Debug\rc.read.1.tlog
H:\Курсові\Polyschyk_Kursova\Polyschyk_Kursova\Debug\rc.write.1.tlog
H:\Курсові\Polyschyk_Kursova\Polyschyk_Kursova\Debug\app.res
H:\Курсові\Polyschyk_Kursova\Polyschyk_Kursova\Debug\Polyschyk_Kursova.pch
H:\Курсові\Polyschyk_Kursova\Polyschyk_Kursova\Debug\vc110.pdb
H:\Курсові\Polyschyk_Kursova\Polyschyk_Kursova\Debug\RSAENH.DLL.bi
H:\Курсові\Polyschyk_Kursova\Polyschyk_Kursova\Debug\TZRES.DLL.bi
H:\Курсові\Polyschyk_Kursova\Debug\Polyschyk_Kursova.pdb
H:\Курсові\Polyschyk_Kursova\Debug\Polyschyk_Kursova.exe
H:\Курсові\Polyschyk_Kursova\Debug\Polyschyk_Kursova.ilk
